#
# A fatal error has been detected by the Java Runtime Environment:
#
#  EXCEPTION_ACCESS_VIOLATION (0xc0000005) at pc=0x00007ff9b3510963, pid=15188, tid=16364
#
# JRE version: Java(TM) SE Runtime Environment (20.0.1+9) (build 20.0.1+9-29)
# Java VM: Java HotSpot(TM) 64-Bit Server VM (20.0.1+9-29, mixed mode, sharing, tiered, compressed oops, compressed class ptrs, g1 gc, windows-amd64)
# Problematic frame:
# V  [jvm.dll+0x3e0963]
#
# No core dump will be written. Minidumps are not enabled by default on client versions of Windows
#
# If you would like to submit a bug report, please visit:
#   https://bugreport.java.com/bugreport/crash.jsp
#

---------------  S U M M A R Y ------------

Command Line: -javaagent:C:\Program Files\JetBrains\IntelliJ IDEA 2023.1.1\lib\idea_rt.jar=51155:C:\Program Files\JetBrains\IntelliJ IDEA 2023.1.1\bin -Dfile.encoding=UTF-8 -Dsun.stdout.encoding=UTF-8 -Dsun.stderr.encoding=UTF-8 HashMapPracticeProblems.Abbreviations

Host: Intel(R) Core(TM) i5-8350U CPU @ 1.70GHz, 8 cores, 7G,  Windows 10 , 64 bit Build 19041 (10.0.19041.2913)
Time: Tue May 16 14:02:33 2023 Eastern Daylight Time elapsed time: 0.116225 seconds (0d 0h 0m 0s)

---------------  T H R E A D  ---------------

Current thread (0x000001f72ada99e0):  JavaThread "Monitor Ctrl-Break" daemon [_thread_in_vm, id=16364, stack(0x0000006de1100000,0x0000006de1200000)]

Stack: [0x0000006de1100000,0x0000006de1200000],  sp=0x0000006de11fea70,  free space=1018k
Native frames: (J=compiled Java code, j=interpreted, Vv=VM code, C=native code)
V  [jvm.dll+0x3e0963]
V  [jvm.dll+0x6bb882]
V  [jvm.dll+0x3e156b]
V  [jvm.dll+0x3e1738]
V  [jvm.dll+0x7c2e11]
V  [jvm.dll+0x7c3dff]
V  [jvm.dll+0x7c43af]
V  [jvm.dll+0x7c4058]
V  [jvm.dll+0x27024b]
